# JRE version: OpenJDK Runtime Environment 18.9 (11.0.11+9) (build 11.0.11+9)
# Java VM: OpenJDK 64-Bit Server VM 18.9 (11.0.11+9, mixed mode, tiered, compressed oops, g1 gc, windows-amd64)
Heap:
 garbage-first heap   total 262144K, used 128433K [0x0000000740000000, 0x0000000800000000)
  region size 1024K, 49 young (50176K), 1 survivors (1024K)
 Metaspace       used 103868K, capacity 106577K, committed 106888K, reserved 1142784K
  class space    used 13386K, capacity 14594K, committed 14720K, reserved 1048576K
GC Heap History (20 events):
Event: 491.436 GC heap before
{Heap before GC invocations=142 (full 52):
 garbage-first heap   total 262144K, used 85178K [0x0000000740000000, 0x0000000800000000)
  region size 1024K, 3 young (3072K), 1 survivors (1024K)
 Metaspace       used 103652K, capacity 106436K, committed 106632K, reserved 1140736K
  class space    used 13382K, capacity 14594K, committed 14720K, reserved 1048576K
}
Event: 491.489 GC heap after
{Heap after GC invocations=143 (full 53):
 garbage-first heap   total 262144K, used 79363K [0x0000000740000000, 0x0000000800000000)
  region size 1024K, 0 young (0K), 0 survivors (0K)
 Metaspace       used 103652K, capacity 106436K, committed 106632K, reserved 1140736K
  class space    used 13382K, capacity 14594K, committed 14720K, reserved 1048576K
}
Event: 496.837 GC heap before
{Heap before GC invocations=143 (full 53):
 garbage-first heap   total 262144K, used 126467K [0x0000000740000000, 0x0000000800000000)
  region size 1024K, 43 young (44032K), 0 survivors (0K)
 Metaspace       used 103717K, capacity 106449K, committed 106632K, reserved 1140736K
  class space    used 13383K, capacity 14594K, committed 14720K, reserved 1048576K
}
Event: 496.895 GC heap after
{Heap after GC invocations=144 (full 54):
 garbage-first heap   total 262144K, used 79754K [0x0000000740000000, 0x0000000800000000)
  region size 1024K, 0 young (0K), 0 survivors (0K)
 Metaspace       used 103717K, capacity 106449K, committed 106632K, reserved 1140736K
  class space    used 13383K, capacity 14594K, committed 14720K, reserved 1048576K
}
Event: 496.929 GC heap before
{Heap before GC invocations=144 (full 54):
 garbage-first heap   total 262144K, used 86922K [0x0000000740000000, 0x0000000800000000)
  region size 1024K, 2 young (2048K), 0 survivors (0K)
 Metaspace       used 103717K, capacity 106449K, committed 106632K, reserved 1140736K
  class space    used 13383K, capacity 14594K, committed 14720K, reserved 1048576K
}
Event: 496.985 GC heap after
{Heap after GC invocations=145 (full 55):
 garbage-first heap   total 262144K, used 79508K [0x0000000740000000, 0x0000000800000000)
  region size 1024K, 0 young (0K), 0 survivors (0K)
 Metaspace       used 103717K, capacity 106449K, committed 106632K, reserved 1140736K
  class space    used 13383K, capacity 14594K, committed 14720K, reserved 1048576K
}
Event: 497.010 GC heap before
{Heap before GC invocations=145 (full 55):
 garbage-first heap   total 262144K, used 86676K [0x0000000740000000, 0x0000000800000000)
  region size 1024K, 2 young (2048K), 0 survivors (0K)
 Metaspace       used 103717K, capacity 106449K, committed 106632K, reserved 1140736K
  class space    used 13383K, capacity 14594K, committed 14720K, reserved 1048576K
}
Event: 497.011 GC heap after
{Heap after GC invocations=146 (full 55):
 garbage-first heap   total 262144K, used 85760K [0x0000000740000000, 0x0000000800000000)
  region size 1024K, 1 young (1024K), 1 survivors (1024K)
 Metaspace       used 103717K, capacity 106449K, committed 106632K, reserved 1140736K
  class space    used 13383K, capacity 14594K, committed 14720K, reserved 1048576K
}
Event: 549.577 GC heap before
{Heap before GC invocations=146 (full 55):
 garbage-first heap   total 262144K, used 140032K [0x0000000740000000, 0x0000000800000000)
  region size 1024K, 55 young (56320K), 1 survivors (1024K)
 Metaspace       used 103739K, capacity 106513K, committed 106888K, reserved 1142784K
  class space    used 13383K, capacity 14594K, committed 14720K, reserved 1048576K
}
Event: 549.632 GC heap after
{Heap after GC invocations=147 (full 56):
 garbage-first heap   total 262144K, used 79739K [0x0000000740000000, 0x0000000800000000)
  region size 1024K, 0 young (0K), 0 survivors (0K)
 Metaspace       used 103739K, capacity 106513K, committed 106888K, reserved 1142784K
  class space    used 13383K, capacity 14594K, committed 14720K, reserved 1048576K
}
Event: 555.460 GC heap before
{Heap before GC invocations=147 (full 56):
 garbage-first heap   total 262144K, used 119675K [0x0000000740000000, 0x0000000800000000)
  region size 1024K, 40 young (40960K), 0 survivors (0K)
 Metaspace       used 103789K, capacity 106513K, committed 106888K, reserved 1142784K
  class space    used 13386K, capacity 14594K, committed 14720K, reserved 1048576K
}
Event: 555.521 GC heap after
{Heap after GC invocations=148 (full 57):
 garbage-first heap   total 262144K, used 79827K [0x0000000740000000, 0x0000000800000000)
  region size 1024K, 0 young (0K), 0 survivors (0K)
 Metaspace       used 103789K, capacity 106513K, committed 106888K, reserved 1142784K
  class space    used 13386K, capacity 14594K, committed 14720K, reserved 1048576K
}
Event: 562.701 GC heap before
{Heap before GC invocations=148 (full 57):
 garbage-first heap   total 262144K, used 141267K [0x0000000740000000, 0x0000000800000000)
  region size 1024K, 60 young (61440K), 0 survivors (0K)
 Metaspace       used 103849K, capacity 106577K, committed 106888K, reserved 1142784K
  class space    used 13386K, capacity 14594K, committed 14720K, reserved 1048576K
}
Event: 562.704 GC heap after
{Heap after GC invocations=149 (full 57):
 garbage-first heap   total 262144K, used 80734K [0x0000000740000000, 0x0000000800000000)
  region size 1024K, 1 young (1024K), 1 survivors (1024K)
 Metaspace       used 103849K, capacity 106577K, committed 106888K, reserved 1142784K
  class space    used 13386K, capacity 14594K, committed 14720K, reserved 1048576K
}
Event: 562.750 GC heap before
{Heap before GC invocations=149 (full 57):
 garbage-first heap   total 262144K, used 85854K [0x0000000740000000, 0x0000000800000000)
  region size 1024K, 5 young (5120K), 1 survivors (1024K)
 Metaspace       used 103853K, capacity 106577K, committed 106888K, reserved 1142784K
  class space    used 13386K, capacity 14594K, committed 14720K, reserved 1048576K
}
Event: 562.806 GC heap after
{Heap after GC invocations=150 (full 58):
 garbage-first heap   total 262144K, used 79865K [0x0000000740000000, 0x0000000800000000)
  region size 1024K, 0 young (0K), 0 survivors (0K)
 Metaspace       used 103853K, capacity 106577K, committed 106888K, reserved 1142784K
  class space    used 13386K, capacity 14594K, committed 14720K, reserved 1048576K
}
Event: 568.491 GC heap before
{Heap before GC invocations=150 (full 58):
 garbage-first heap   total 262144K, used 141305K [0x0000000740000000, 0x0000000800000000)
  region size 1024K, 60 young (61440K), 0 survivors (0K)
 Metaspace       used 103857K, capacity 106577K, committed 106888K, reserved 1142784K
  class space    used 13386K, capacity 14594K, committed 14720K, reserved 1048576K
}
Event: 568.493 GC heap after
{Heap after GC invocations=151 (full 58):
 garbage-first heap   total 262144K, used 80261K [0x0000000740000000, 0x0000000800000000)
  region size 1024K, 1 young (1024K), 1 survivors (1024K)
 Metaspace       used 103857K, capacity 106577K, committed 106888K, reserved 1142784K
  class space    used 13386K, capacity 14594K, committed 14720K, reserved 1048576K
}
Event: 570.662 GC heap before
{Heap before GC invocations=151 (full 58):
 garbage-first heap   total 262144K, used 140677K [0x0000000740000000, 0x0000000800000000)
  region size 1024K, 60 young (61440K), 1 survivors (1024K)
 Metaspace       used 103861K, capacity 106577K, committed 106888K, reserved 1142784K
  class space    used 13386K, capacity 14594K, committed 14720K, reserved 1048576K
}
Event: 570.663 GC heap after
{Heap after GC invocations=152 (full 58):
 garbage-first heap   total 262144K, used 80305K [0x0000000740000000, 0x0000000800000000)
  region size 1024K, 1 young (1024K), 1 survivors (1024K)
 Metaspace       used 103861K, capacity 106577K, committed 106888K, reserved 1142784K
  class space    used 13386K, capacity 14594K, committed 14720K, reserved 1048576K
}

