# JRE version: OpenJDK Runtime Environment 18.9 (11.0.11+9) (build 11.0.11+9)
# Java VM: OpenJDK 64-Bit Server VM 18.9 (11.0.11+9, mixed mode, tiered, compressed oops, g1 gc, windows-amd64)
Heap:
 garbage-first heap   total 262144K, used 93126K [0x0000000740000000, 0x0000000800000000)
  region size 1024K, 13 young (13312K), 1 survivors (1024K)
 Metaspace       used 103173K, capacity 105970K, committed 106192K, reserved 1140736K
  class space    used 13367K, capacity 14594K, committed 14720K, reserved 1048576K
GC Heap History (20 events):
Event: 939.900 GC heap before
{Heap before GC invocations=78 (full 21):
 garbage-first heap   total 262144K, used 83667K [0x0000000740000000, 0x0000000800000000)
  region size 1024K, 2 young (2048K), 0 survivors (0K)
 Metaspace       used 102942K, capacity 105714K, committed 105936K, reserved 1140736K
  class space    used 13365K, capacity 14594K, committed 14720K, reserved 1048576K
}
Event: 939.958 GC heap after
{Heap after GC invocations=79 (full 22):
 garbage-first heap   total 262144K, used 80599K [0x0000000740000000, 0x0000000800000000)
  region size 1024K, 0 young (0K), 0 survivors (0K)
 Metaspace       used 102942K, capacity 105714K, committed 105936K, reserved 1140736K
  class space    used 13365K, capacity 14594K, committed 14720K, reserved 1048576K
}
Event: 959.296 GC heap before
{Heap before GC invocations=79 (full 22):
 garbage-first heap   total 262144K, used 128727K [0x0000000740000000, 0x0000000800000000)
  region size 1024K, 48 young (49152K), 0 survivors (0K)
 Metaspace       used 103007K, capacity 105778K, committed 105936K, reserved 1140736K
  class space    used 13366K, capacity 14594K, committed 14720K, reserved 1048576K
}
Event: 959.357 GC heap after
{Heap after GC invocations=80 (full 23):
 garbage-first heap   total 262144K, used 81255K [0x0000000740000000, 0x0000000800000000)
  region size 1024K, 0 young (0K), 0 survivors (0K)
 Metaspace       used 103007K, capacity 105778K, committed 105936K, reserved 1140736K
  class space    used 13366K, capacity 14594K, committed 14720K, reserved 1048576K
}
Event: 997.742 GC heap before
{Heap before GC invocations=80 (full 23):
 garbage-first heap   total 262144K, used 142695K [0x0000000740000000, 0x0000000800000000)
  region size 1024K, 60 young (61440K), 0 survivors (0K)
 Metaspace       used 103067K, capacity 105842K, committed 106192K, reserved 1140736K
  class space    used 13367K, capacity 14594K, committed 14720K, reserved 1048576K
}
Event: 997.746 GC heap after
{Heap after GC invocations=81 (full 23):
 garbage-first heap   total 262144K, used 82102K [0x0000000740000000, 0x0000000800000000)
  region size 1024K, 1 young (1024K), 1 survivors (1024K)
 Metaspace       used 103067K, capacity 105842K, committed 106192K, reserved 1140736K
  class space    used 13367K, capacity 14594K, committed 14720K, reserved 1048576K
}
Event: 999.856 GC heap before
{Heap before GC invocations=81 (full 23):
 garbage-first heap   total 262144K, used 142518K [0x0000000740000000, 0x0000000800000000)
  region size 1024K, 60 young (61440K), 1 survivors (1024K)
 Metaspace       used 103092K, capacity 105842K, committed 106192K, reserved 1140736K
  class space    used 13367K, capacity 14594K, committed 14720K, reserved 1048576K
}
Event: 999.859 GC heap after
{Heap after GC invocations=82 (full 23):
 garbage-first heap   total 262144K, used 81809K [0x0000000740000000, 0x0000000800000000)
  region size 1024K, 1 young (1024K), 1 survivors (1024K)
 Metaspace       used 103092K, capacity 105842K, committed 106192K, reserved 1140736K
  class space    used 13367K, capacity 14594K, committed 14720K, reserved 1048576K
}
Event: 1002.025 GC heap before
{Heap before GC invocations=82 (full 23):
 garbage-first heap   total 262144K, used 142225K [0x0000000740000000, 0x0000000800000000)
  region size 1024K, 60 young (61440K), 1 survivors (1024K)
 Metaspace       used 103109K, capacity 105842K, committed 106192K, reserved 1140736K
  class space    used 13367K, capacity 14594K, committed 14720K, reserved 1048576K
}
Event: 1002.026 GC heap after
{Heap after GC invocations=83 (full 23):
 garbage-first heap   total 262144K, used 81741K [0x0000000740000000, 0x0000000800000000)
  region size 1024K, 1 young (1024K), 1 survivors (1024K)
 Metaspace       used 103109K, capacity 105842K, committed 106192K, reserved 1140736K
  class space    used 13367K, capacity 14594K, committed 14720K, reserved 1048576K
}
Event: 1003.365 GC heap before
{Heap before GC invocations=83 (full 23):
 garbage-first heap   total 262144K, used 142157K [0x0000000740000000, 0x0000000800000000)
  region size 1024K, 60 young (61440K), 1 survivors (1024K)
 Metaspace       used 103109K, capacity 105842K, committed 106192K, reserved 1140736K
  class space    used 13367K, capacity 14594K, committed 14720K, reserved 1048576K
}
Event: 1003.367 GC heap after
{Heap after GC invocations=84 (full 23):
 garbage-first heap   total 262144K, used 81644K [0x0000000740000000, 0x0000000800000000)
  region size 1024K, 1 young (1024K), 1 survivors (1024K)
 Metaspace       used 103109K, capacity 105842K, committed 106192K, reserved 1140736K
  class space    used 13367K, capacity 14594K, committed 14720K, reserved 1048576K
}
Event: 1005.371 GC heap before
{Heap before GC invocations=84 (full 23):
 garbage-first heap   total 262144K, used 142060K [0x0000000740000000, 0x0000000800000000)
  region size 1024K, 60 young (61440K), 1 survivors (1024K)
 Metaspace       used 103110K, capacity 105842K, committed 106192K, reserved 1140736K
  class space    used 13367K, capacity 14594K, committed 14720K, reserved 1048576K
}
Event: 1005.372 GC heap after
{Heap after GC invocations=85 (full 23):
 garbage-first heap   total 262144K, used 81656K [0x0000000740000000, 0x0000000800000000)
  region size 1024K, 1 young (1024K), 1 survivors (1024K)
 Metaspace       used 103110K, capacity 105842K, committed 106192K, reserved 1140736K
  class space    used 13367K, capacity 14594K, committed 14720K, reserved 1048576K
}
Event: 1007.122 GC heap before
{Heap before GC invocations=85 (full 23):
 garbage-first heap   total 262144K, used 142072K [0x0000000740000000, 0x0000000800000000)
  region size 1024K, 60 young (61440K), 1 survivors (1024K)
 Metaspace       used 103112K, capacity 105842K, committed 106192K, reserved 1140736K
  class space    used 13367K, capacity 14594K, committed 14720K, reserved 1048576K
}
Event: 1007.123 GC heap after
{Heap after GC invocations=86 (full 23):
 garbage-first heap   total 262144K, used 81615K [0x0000000740000000, 0x0000000800000000)
  region size 1024K, 1 young (1024K), 1 survivors (1024K)
 Metaspace       used 103112K, capacity 105842K, committed 106192K, reserved 1140736K
  class space    used 13367K, capacity 14594K, committed 14720K, reserved 1048576K
}
Event: 1042.785 GC heap before
{Heap before GC invocations=86 (full 23):
 garbage-first heap   total 262144K, used 142031K [0x0000000740000000, 0x0000000800000000)
  region size 1024K, 60 young (61440K), 1 survivors (1024K)
 Metaspace       used 103126K, capacity 105906K, committed 106192K, reserved 1140736K
  class space    used 13367K, capacity 14594K, committed 14720K, reserved 1048576K
}
Event: 1042.787 GC heap after
{Heap after GC invocations=87 (full 23):
 garbage-first heap   total 262144K, used 81673K [0x0000000740000000, 0x0000000800000000)
  region size 1024K, 1 young (1024K), 1 survivors (1024K)
 Metaspace       used 103126K, capacity 105906K, committed 106192K, reserved 1140736K
  class space    used 13367K, capacity 14594K, committed 14720K, reserved 1048576K
}
Event: 1048.392 GC heap before
{Heap before GC invocations=87 (full 23):
 garbage-first heap   total 262144K, used 142089K [0x0000000740000000, 0x0000000800000000)
  region size 1024K, 60 young (61440K), 1 survivors (1024K)
 Metaspace       used 103167K, capacity 105970K, committed 106192K, reserved 1140736K
  class space    used 13367K, capacity 14594K, committed 14720K, reserved 1048576K
}
Event: 1048.394 GC heap after
{Heap after GC invocations=88 (full 23):
 garbage-first heap   total 262144K, used 81862K [0x0000000740000000, 0x0000000800000000)
  region size 1024K, 1 young (1024K), 1 survivors (1024K)
 Metaspace       used 103167K, capacity 105970K, committed 106192K, reserved 1140736K
  class space    used 13367K, capacity 14594K, committed 14720K, reserved 1048576K
}

